# Zeus Legacy Game Transaction Logs
CRITICAL 2026-06-07 15:51:56,227 betting_service FATAL BETTING FAILURE: User 1 | Error: Error 10061 connecting to 127.0.0.1:6379. No connection could be made because the target machine actively refused it.
Traceback (most recent call last):
  File "C:\Users\DM\Desktop\Zeus-Legacy\Backend\.venv\Lib\site-packages\django_redis\cache.py", line 29, in _decorator
    return method(self, *args, **kwargs)
  File "C:\Users\DM\Desktop\Zeus-Legacy\Backend\.venv\Lib\site-packages\django_redis\cache.py", line 99, in _get
    return self.client.get(key, default=default, version=version, client=client)
           ~~~~~~~~~~~~~~~^^^^^^^^^^^^^^^^^^^^^^^^^^^^^^^^^^^^^^^^^^^^^^^^^^^^^^
  File "C:\Users\DM\Desktop\Zeus-Legacy\Backend\.venv\Lib\site-packages\django_redis\client\default.py", line 300, in get
    raise ConnectionInterrupted(connection=client) from e
django_redis.exceptions.ConnectionInterrupted: Redis ConnectionError: Error 10061 connecting to 127.0.0.1:6379. No connection could be made because the target machine actively refused it.

During handling of the above exception, another exception occurred:

Traceback (most recent call last):
  File "C:\Users\DM\Desktop\Zeus-Legacy\Backend\services\betting_service.py", line 135, in execute_spin_transaction
    spin_count = cache.get(spin_key, 0) + 1
                 ~~~~~~~~~^^^^^^^^^^^^^
  File "C:\Users\DM\Desktop\Zeus-Legacy\Backend\.venv\Lib\site-packages\django_redis\cache.py", line 92, in get
    value = self._get(key, default, version, client)
  File "C:\Users\DM\Desktop\Zeus-Legacy\Backend\.venv\Lib\site-packages\django_redis\cache.py", line 36, in _decorator
    raise e.__cause__  # noqa: B904
    ^^^^^^^^^^^^^^^^^
  File "C:\Users\DM\Desktop\Zeus-Legacy\Backend\.venv\Lib\site-packages\django_redis\client\default.py", line 298, in get
    value = client.get(key)
  File "C:\Users\DM\Desktop\Zeus-Legacy\Backend\.venv\Lib\site-packages\redis\commands\core.py", line 2073, in get
    return self.execute_command("GET", name, keys=[name])
           ~~~~~~~~~~~~~~~~~~~~^^^^^^^^^^^^^^^^^^^^^^^^^^
  File "C:\Users\DM\Desktop\Zeus-Legacy\Backend\.venv\Lib\site-packages\redis\client.py", line 716, in execute_command
    return self._execute_command(*args, **options)
           ~~~~~~~~~~~~~~~~~~~~~^^^^^^^^^^^^^^^^^^
  File "C:\Users\DM\Desktop\Zeus-Legacy\Backend\.venv\Lib\site-packages\redis\client.py", line 722, in _execute_command
    conn = self.connection or pool.get_connection()
                              ~~~~~~~~~~~~~~~~~~~^^
  File "C:\Users\DM\Desktop\Zeus-Legacy\Backend\.venv\Lib\site-packages\redis\utils.py", line 236, in wrapper
    return func(*args, **kwargs)
  File "C:\Users\DM\Desktop\Zeus-Legacy\Backend\.venv\Lib\site-packages\redis\connection.py", line 3041, in get_connection
    connection.connect()
    ~~~~~~~~~~~~~~~~~~^^
  File "C:\Users\DM\Desktop\Zeus-Legacy\Backend\.venv\Lib\site-packages\redis\connection.py", line 976, in connect
    self.retry.call_with_retry(
    ~~~~~~~~~~~~~~~~~~~~~~~~~~^
        lambda: self.connect_check_health(
        ^^^^^^^^^^^^^^^^^^^^^^^^^^^^^^^^^^
    ...<2 lines>...
        lambda error: self.disconnect(error),
        ^^^^^^^^^^^^^^^^^^^^^^^^^^^^^^^^^^^^^
    )
    ^
  File "C:\Users\DM\Desktop\Zeus-Legacy\Backend\.venv\Lib\site-packages\redis\retry.py", line 132, in call_with_retry
    raise error
  File "C:\Users\DM\Desktop\Zeus-Legacy\Backend\.venv\Lib\site-packages\redis\retry.py", line 120, in call_with_retry
    return do()
  File "C:\Users\DM\Desktop\Zeus-Legacy\Backend\.venv\Lib\site-packages\redis\connection.py", line 977, in <lambda>
    lambda: self.connect_check_health(
            ~~~~~~~~~~~~~~~~~~~~~~~~~^
        check_health=True, retry_socket_connect=False
        ^^^^^^^^^^^^^^^^^^^^^^^^^^^^^^^^^^^^^^^^^^^^^
    ),
    ^
  File "C:\Users\DM\Desktop\Zeus-Legacy\Backend\.venv\Lib\site-packages\redis\connection.py", line 1025, in connect_check_health
    raise e
redis.exceptions.ConnectionError: Error 10061 connecting to 127.0.0.1:6379. No connection could be made because the target machine actively refused it.
CRITICAL 2026-06-07 15:54:33,748 betting_service FATAL BETTING FAILURE: User 1 | Error: Error 10061 connecting to 127.0.0.1:6379. No connection could be made because the target machine actively refused it.
Traceback (most recent call last):
  File "C:\Users\DM\Desktop\Zeus-Legacy\Backend\.venv\Lib\site-packages\django_redis\cache.py", line 29, in _decorator
    return method(self, *args, **kwargs)
  File "C:\Users\DM\Desktop\Zeus-Legacy\Backend\.venv\Lib\site-packages\django_redis\cache.py", line 99, in _get
    return self.client.get(key, default=default, version=version, client=client)
           ~~~~~~~~~~~~~~~^^^^^^^^^^^^^^^^^^^^^^^^^^^^^^^^^^^^^^^^^^^^^^^^^^^^^^
  File "C:\Users\DM\Desktop\Zeus-Legacy\Backend\.venv\Lib\site-packages\django_redis\client\default.py", line 300, in get
    raise ConnectionInterrupted(connection=client) from e
django_redis.exceptions.ConnectionInterrupted: Redis ConnectionError: Error 10061 connecting to 127.0.0.1:6379. No connection could be made because the target machine actively refused it.

During handling of the above exception, another exception occurred:

Traceback (most recent call last):
  File "C:\Users\DM\Desktop\Zeus-Legacy\Backend\services\betting_service.py", line 135, in execute_spin_transaction
    spin_count = cache.get(spin_key, 0) + 1
                 ~~~~~~~~~^^^^^^^^^^^^^
  File "C:\Users\DM\Desktop\Zeus-Legacy\Backend\.venv\Lib\site-packages\django_redis\cache.py", line 92, in get
    value = self._get(key, default, version, client)
  File "C:\Users\DM\Desktop\Zeus-Legacy\Backend\.venv\Lib\site-packages\django_redis\cache.py", line 36, in _decorator
    raise e.__cause__  # noqa: B904
    ^^^^^^^^^^^^^^^^^
  File "C:\Users\DM\Desktop\Zeus-Legacy\Backend\.venv\Lib\site-packages\django_redis\client\default.py", line 298, in get
    value = client.get(key)
  File "C:\Users\DM\Desktop\Zeus-Legacy\Backend\.venv\Lib\site-packages\redis\commands\core.py", line 2073, in get
    return self.execute_command("GET", name, keys=[name])
           ~~~~~~~~~~~~~~~~~~~~^^^^^^^^^^^^^^^^^^^^^^^^^^
  File "C:\Users\DM\Desktop\Zeus-Legacy\Backend\.venv\Lib\site-packages\redis\client.py", line 716, in execute_command
    return self._execute_command(*args, **options)
           ~~~~~~~~~~~~~~~~~~~~~^^^^^^^^^^^^^^^^^^
  File "C:\Users\DM\Desktop\Zeus-Legacy\Backend\.venv\Lib\site-packages\redis\client.py", line 722, in _execute_command
    conn = self.connection or pool.get_connection()
                              ~~~~~~~~~~~~~~~~~~~^^
  File "C:\Users\DM\Desktop\Zeus-Legacy\Backend\.venv\Lib\site-packages\redis\utils.py", line 236, in wrapper
    return func(*args, **kwargs)
  File "C:\Users\DM\Desktop\Zeus-Legacy\Backend\.venv\Lib\site-packages\redis\connection.py", line 3041, in get_connection
    connection.connect()
    ~~~~~~~~~~~~~~~~~~^^
  File "C:\Users\DM\Desktop\Zeus-Legacy\Backend\.venv\Lib\site-packages\redis\connection.py", line 976, in connect
    self.retry.call_with_retry(
    ~~~~~~~~~~~~~~~~~~~~~~~~~~^
        lambda: self.connect_check_health(
        ^^^^^^^^^^^^^^^^^^^^^^^^^^^^^^^^^^
    ...<2 lines>...
        lambda error: self.disconnect(error),
        ^^^^^^^^^^^^^^^^^^^^^^^^^^^^^^^^^^^^^
    )
    ^
  File "C:\Users\DM\Desktop\Zeus-Legacy\Backend\.venv\Lib\site-packages\redis\retry.py", line 132, in call_with_retry
    raise error
  File "C:\Users\DM\Desktop\Zeus-Legacy\Backend\.venv\Lib\site-packages\redis\retry.py", line 120, in call_with_retry
    return do()
  File "C:\Users\DM\Desktop\Zeus-Legacy\Backend\.venv\Lib\site-packages\redis\connection.py", line 977, in <lambda>
    lambda: self.connect_check_health(
            ~~~~~~~~~~~~~~~~~~~~~~~~~^
        check_health=True, retry_socket_connect=False
        ^^^^^^^^^^^^^^^^^^^^^^^^^^^^^^^^^^^^^^^^^^^^^
    ),
    ^
  File "C:\Users\DM\Desktop\Zeus-Legacy\Backend\.venv\Lib\site-packages\redis\connection.py", line 1025, in connect_check_health
    raise e
redis.exceptions.ConnectionError: Error 10061 connecting to 127.0.0.1:6379. No connection could be made because the target machine actively refused it.
CRITICAL 2026-06-07 15:54:53,353 betting_service FATAL BETTING FAILURE: User 1 | Error: Error 10061 connecting to 127.0.0.1:6379. No connection could be made because the target machine actively refused it.
Traceback (most recent call last):
  File "C:\Users\DM\Desktop\Zeus-Legacy\Backend\.venv\Lib\site-packages\django_redis\cache.py", line 29, in _decorator
    return method(self, *args, **kwargs)
  File "C:\Users\DM\Desktop\Zeus-Legacy\Backend\.venv\Lib\site-packages\django_redis\cache.py", line 99, in _get
    return self.client.get(key, default=default, version=version, client=client)
           ~~~~~~~~~~~~~~~^^^^^^^^^^^^^^^^^^^^^^^^^^^^^^^^^^^^^^^^^^^^^^^^^^^^^^
  File "C:\Users\DM\Desktop\Zeus-Legacy\Backend\.venv\Lib\site-packages\django_redis\client\default.py", line 300, in get
    raise ConnectionInterrupted(connection=client) from e
django_redis.exceptions.ConnectionInterrupted: Redis ConnectionError: Error 10061 connecting to 127.0.0.1:6379. No connection could be made because the target machine actively refused it.

During handling of the above exception, another exception occurred:

Traceback (most recent call last):
  File "C:\Users\DM\Desktop\Zeus-Legacy\Backend\services\betting_service.py", line 135, in execute_spin_transaction
    spin_count = cache.get(spin_key, 0) + 1
                 ~~~~~~~~~^^^^^^^^^^^^^
  File "C:\Users\DM\Desktop\Zeus-Legacy\Backend\.venv\Lib\site-packages\django_redis\cache.py", line 92, in get
    value = self._get(key, default, version, client)
  File "C:\Users\DM\Desktop\Zeus-Legacy\Backend\.venv\Lib\site-packages\django_redis\cache.py", line 36, in _decorator
    raise e.__cause__  # noqa: B904
    ^^^^^^^^^^^^^^^^^
  File "C:\Users\DM\Desktop\Zeus-Legacy\Backend\.venv\Lib\site-packages\django_redis\client\default.py", line 298, in get
    value = client.get(key)
  File "C:\Users\DM\Desktop\Zeus-Legacy\Backend\.venv\Lib\site-packages\redis\commands\core.py", line 2073, in get
    return self.execute_command("GET", name, keys=[name])
           ~~~~~~~~~~~~~~~~~~~~^^^^^^^^^^^^^^^^^^^^^^^^^^
  File "C:\Users\DM\Desktop\Zeus-Legacy\Backend\.venv\Lib\site-packages\redis\client.py", line 716, in execute_command
    return self._execute_command(*args, **options)
           ~~~~~~~~~~~~~~~~~~~~~^^^^^^^^^^^^^^^^^^
  File "C:\Users\DM\Desktop\Zeus-Legacy\Backend\.venv\Lib\site-packages\redis\client.py", line 722, in _execute_command
    conn = self.connection or pool.get_connection()
                              ~~~~~~~~~~~~~~~~~~~^^
  File "C:\Users\DM\Desktop\Zeus-Legacy\Backend\.venv\Lib\site-packages\redis\utils.py", line 236, in wrapper
    return func(*args, **kwargs)
  File "C:\Users\DM\Desktop\Zeus-Legacy\Backend\.venv\Lib\site-packages\redis\connection.py", line 3041, in get_connection
    connection.connect()
    ~~~~~~~~~~~~~~~~~~^^
  File "C:\Users\DM\Desktop\Zeus-Legacy\Backend\.venv\Lib\site-packages\redis\connection.py", line 976, in connect
    self.retry.call_with_retry(
    ~~~~~~~~~~~~~~~~~~~~~~~~~~^
        lambda: self.connect_check_health(
        ^^^^^^^^^^^^^^^^^^^^^^^^^^^^^^^^^^
    ...<2 lines>...
        lambda error: self.disconnect(error),
        ^^^^^^^^^^^^^^^^^^^^^^^^^^^^^^^^^^^^^
    )
    ^
  File "C:\Users\DM\Desktop\Zeus-Legacy\Backend\.venv\Lib\site-packages\redis\retry.py", line 132, in call_with_retry
    raise error
  File "C:\Users\DM\Desktop\Zeus-Legacy\Backend\.venv\Lib\site-packages\redis\retry.py", line 120, in call_with_retry
    return do()
  File "C:\Users\DM\Desktop\Zeus-Legacy\Backend\.venv\Lib\site-packages\redis\connection.py", line 977, in <lambda>
    lambda: self.connect_check_health(
            ~~~~~~~~~~~~~~~~~~~~~~~~~^
        check_health=True, retry_socket_connect=False
        ^^^^^^^^^^^^^^^^^^^^^^^^^^^^^^^^^^^^^^^^^^^^^
    ),
    ^
  File "C:\Users\DM\Desktop\Zeus-Legacy\Backend\.venv\Lib\site-packages\redis\connection.py", line 1025, in connect_check_health
    raise e
redis.exceptions.ConnectionError: Error 10061 connecting to 127.0.0.1:6379. No connection could be made because the target machine actively refused it.
CRITICAL 2026-06-07 15:57:29,748 betting_service FATAL BETTING FAILURE: User 1 | Error: Error 10061 connecting to 127.0.0.1:6379. No connection could be made because the target machine actively refused it.
Traceback (most recent call last):
  File "C:\Users\DM\Desktop\Zeus-Legacy\Backend\.venv\Lib\site-packages\django_redis\cache.py", line 29, in _decorator
    return method(self, *args, **kwargs)
  File "C:\Users\DM\Desktop\Zeus-Legacy\Backend\.venv\Lib\site-packages\django_redis\cache.py", line 99, in _get
    return self.client.get(key, default=default, version=version, client=client)
           ~~~~~~~~~~~~~~~^^^^^^^^^^^^^^^^^^^^^^^^^^^^^^^^^^^^^^^^^^^^^^^^^^^^^^
  File "C:\Users\DM\Desktop\Zeus-Legacy\Backend\.venv\Lib\site-packages\django_redis\client\default.py", line 300, in get
    raise ConnectionInterrupted(connection=client) from e
django_redis.exceptions.ConnectionInterrupted: Redis ConnectionError: Error 10061 connecting to 127.0.0.1:6379. No connection could be made because the target machine actively refused it.

During handling of the above exception, another exception occurred:

Traceback (most recent call last):
  File "C:\Users\DM\Desktop\Zeus-Legacy\Backend\services\betting_service.py", line 135, in execute_spin_transaction
    spin_count = cache.get(spin_key, 0) + 1
                 ~~~~~~~~~^^^^^^^^^^^^^
  File "C:\Users\DM\Desktop\Zeus-Legacy\Backend\.venv\Lib\site-packages\django_redis\cache.py", line 92, in get
    value = self._get(key, default, version, client)
  File "C:\Users\DM\Desktop\Zeus-Legacy\Backend\.venv\Lib\site-packages\django_redis\cache.py", line 36, in _decorator
    raise e.__cause__  # noqa: B904
    ^^^^^^^^^^^^^^^^^
  File "C:\Users\DM\Desktop\Zeus-Legacy\Backend\.venv\Lib\site-packages\django_redis\client\default.py", line 298, in get
    value = client.get(key)
  File "C:\Users\DM\Desktop\Zeus-Legacy\Backend\.venv\Lib\site-packages\redis\commands\core.py", line 2073, in get
    return self.execute_command("GET", name, keys=[name])
           ~~~~~~~~~~~~~~~~~~~~^^^^^^^^^^^^^^^^^^^^^^^^^^
  File "C:\Users\DM\Desktop\Zeus-Legacy\Backend\.venv\Lib\site-packages\redis\client.py", line 716, in execute_command
    return self._execute_command(*args, **options)
           ~~~~~~~~~~~~~~~~~~~~~^^^^^^^^^^^^^^^^^^
  File "C:\Users\DM\Desktop\Zeus-Legacy\Backend\.venv\Lib\site-packages\redis\client.py", line 722, in _execute_command
    conn = self.connection or pool.get_connection()
                              ~~~~~~~~~~~~~~~~~~~^^
  File "C:\Users\DM\Desktop\Zeus-Legacy\Backend\.venv\Lib\site-packages\redis\utils.py", line 236, in wrapper
    return func(*args, **kwargs)
  File "C:\Users\DM\Desktop\Zeus-Legacy\Backend\.venv\Lib\site-packages\redis\connection.py", line 3041, in get_connection
    connection.connect()
    ~~~~~~~~~~~~~~~~~~^^
  File "C:\Users\DM\Desktop\Zeus-Legacy\Backend\.venv\Lib\site-packages\redis\connection.py", line 976, in connect
    self.retry.call_with_retry(
    ~~~~~~~~~~~~~~~~~~~~~~~~~~^
        lambda: self.connect_check_health(
        ^^^^^^^^^^^^^^^^^^^^^^^^^^^^^^^^^^
    ...<2 lines>...
        lambda error: self.disconnect(error),
        ^^^^^^^^^^^^^^^^^^^^^^^^^^^^^^^^^^^^^
    )
    ^
  File "C:\Users\DM\Desktop\Zeus-Legacy\Backend\.venv\Lib\site-packages\redis\retry.py", line 132, in call_with_retry
    raise error
  File "C:\Users\DM\Desktop\Zeus-Legacy\Backend\.venv\Lib\site-packages\redis\retry.py", line 120, in call_with_retry
    return do()
  File "C:\Users\DM\Desktop\Zeus-Legacy\Backend\.venv\Lib\site-packages\redis\connection.py", line 977, in <lambda>
    lambda: self.connect_check_health(
            ~~~~~~~~~~~~~~~~~~~~~~~~~^
        check_health=True, retry_socket_connect=False
        ^^^^^^^^^^^^^^^^^^^^^^^^^^^^^^^^^^^^^^^^^^^^^
    ),
    ^
  File "C:\Users\DM\Desktop\Zeus-Legacy\Backend\.venv\Lib\site-packages\redis\connection.py", line 1025, in connect_check_health
    raise e
redis.exceptions.ConnectionError: Error 10061 connecting to 127.0.0.1:6379. No connection could be made because the target machine actively refused it.
CRITICAL 2026-06-07 16:02:35,178 betting_service FATAL BETTING FAILURE: User 1 | Error: Error 10061 connecting to 127.0.0.1:6379. No connection could be made because the target machine actively refused it.
Traceback (most recent call last):
  File "C:\Users\DM\Desktop\Zeus-Legacy\Backend\.venv\Lib\site-packages\django_redis\cache.py", line 29, in _decorator
    return method(self, *args, **kwargs)
  File "C:\Users\DM\Desktop\Zeus-Legacy\Backend\.venv\Lib\site-packages\django_redis\cache.py", line 99, in _get
    return self.client.get(key, default=default, version=version, client=client)
           ~~~~~~~~~~~~~~~^^^^^^^^^^^^^^^^^^^^^^^^^^^^^^^^^^^^^^^^^^^^^^^^^^^^^^
  File "C:\Users\DM\Desktop\Zeus-Legacy\Backend\.venv\Lib\site-packages\django_redis\client\default.py", line 300, in get
    raise ConnectionInterrupted(connection=client) from e
django_redis.exceptions.ConnectionInterrupted: Redis ConnectionError: Error 10061 connecting to 127.0.0.1:6379. No connection could be made because the target machine actively refused it.

During handling of the above exception, another exception occurred:

Traceback (most recent call last):
  File "C:\Users\DM\Desktop\Zeus-Legacy\Backend\services\betting_service.py", line 135, in execute_spin_transaction
    spin_count = cache.get(spin_key, 0) + 1
                 ~~~~~~~~~^^^^^^^^^^^^^
  File "C:\Users\DM\Desktop\Zeus-Legacy\Backend\.venv\Lib\site-packages\django_redis\cache.py", line 92, in get
    value = self._get(key, default, version, client)
  File "C:\Users\DM\Desktop\Zeus-Legacy\Backend\.venv\Lib\site-packages\django_redis\cache.py", line 36, in _decorator
    raise e.__cause__  # noqa: B904
    ^^^^^^^^^^^^^^^^^
  File "C:\Users\DM\Desktop\Zeus-Legacy\Backend\.venv\Lib\site-packages\django_redis\client\default.py", line 298, in get
    value = client.get(key)
  File "C:\Users\DM\Desktop\Zeus-Legacy\Backend\.venv\Lib\site-packages\redis\commands\core.py", line 2073, in get
    return self.execute_command("GET", name, keys=[name])
           ~~~~~~~~~~~~~~~~~~~~^^^^^^^^^^^^^^^^^^^^^^^^^^
  File "C:\Users\DM\Desktop\Zeus-Legacy\Backend\.venv\Lib\site-packages\redis\client.py", line 716, in execute_command
    return self._execute_command(*args, **options)
           ~~~~~~~~~~~~~~~~~~~~~^^^^^^^^^^^^^^^^^^
  File "C:\Users\DM\Desktop\Zeus-Legacy\Backend\.venv\Lib\site-packages\redis\client.py", line 722, in _execute_command
    conn = self.connection or pool.get_connection()
                              ~~~~~~~~~~~~~~~~~~~^^
  File "C:\Users\DM\Desktop\Zeus-Legacy\Backend\.venv\Lib\site-packages\redis\utils.py", line 236, in wrapper
    return func(*args, **kwargs)
  File "C:\Users\DM\Desktop\Zeus-Legacy\Backend\.venv\Lib\site-packages\redis\connection.py", line 3041, in get_connection
    connection.connect()
    ~~~~~~~~~~~~~~~~~~^^
  File "C:\Users\DM\Desktop\Zeus-Legacy\Backend\.venv\Lib\site-packages\redis\connection.py", line 976, in connect
    self.retry.call_with_retry(
    ~~~~~~~~~~~~~~~~~~~~~~~~~~^
        lambda: self.connect_check_health(
        ^^^^^^^^^^^^^^^^^^^^^^^^^^^^^^^^^^
    ...<2 lines>...
        lambda error: self.disconnect(error),
        ^^^^^^^^^^^^^^^^^^^^^^^^^^^^^^^^^^^^^
    )
    ^
  File "C:\Users\DM\Desktop\Zeus-Legacy\Backend\.venv\Lib\site-packages\redis\retry.py", line 132, in call_with_retry
    raise error
  File "C:\Users\DM\Desktop\Zeus-Legacy\Backend\.venv\Lib\site-packages\redis\retry.py", line 120, in call_with_retry
    return do()
  File "C:\Users\DM\Desktop\Zeus-Legacy\Backend\.venv\Lib\site-packages\redis\connection.py", line 977, in <lambda>
    lambda: self.connect_check_health(
            ~~~~~~~~~~~~~~~~~~~~~~~~~^
        check_health=True, retry_socket_connect=False
        ^^^^^^^^^^^^^^^^^^^^^^^^^^^^^^^^^^^^^^^^^^^^^
    ),
    ^
  File "C:\Users\DM\Desktop\Zeus-Legacy\Backend\.venv\Lib\site-packages\redis\connection.py", line 1025, in connect_check_health
    raise e
redis.exceptions.ConnectionError: Error 10061 connecting to 127.0.0.1:6379. No connection could be made because the target machine actively refused it.
CRITICAL 2026-06-07 16:08:07,930 betting_service FATAL BETTING FAILURE: User 1 | Error: Error 10061 connecting to 127.0.0.1:6379. No connection could be made because the target machine actively refused it.
Traceback (most recent call last):
  File "C:\Users\DM\Desktop\Zeus-Legacy\Backend\.venv\Lib\site-packages\django_redis\cache.py", line 29, in _decorator
    return method(self, *args, **kwargs)
  File "C:\Users\DM\Desktop\Zeus-Legacy\Backend\.venv\Lib\site-packages\django_redis\cache.py", line 99, in _get
    return self.client.get(key, default=default, version=version, client=client)
           ~~~~~~~~~~~~~~~^^^^^^^^^^^^^^^^^^^^^^^^^^^^^^^^^^^^^^^^^^^^^^^^^^^^^^
  File "C:\Users\DM\Desktop\Zeus-Legacy\Backend\.venv\Lib\site-packages\django_redis\client\default.py", line 300, in get
    raise ConnectionInterrupted(connection=client) from e
django_redis.exceptions.ConnectionInterrupted: Redis ConnectionError: Error 10061 connecting to 127.0.0.1:6379. No connection could be made because the target machine actively refused it.

During handling of the above exception, another exception occurred:

Traceback (most recent call last):
  File "C:\Users\DM\Desktop\Zeus-Legacy\Backend\services\betting_service.py", line 135, in execute_spin_transaction
    spin_count = cache.get(spin_key, 0) + 1
                 ~~~~~~~~~^^^^^^^^^^^^^
  File "C:\Users\DM\Desktop\Zeus-Legacy\Backend\.venv\Lib\site-packages\django_redis\cache.py", line 92, in get
    value = self._get(key, default, version, client)
  File "C:\Users\DM\Desktop\Zeus-Legacy\Backend\.venv\Lib\site-packages\django_redis\cache.py", line 36, in _decorator
    raise e.__cause__  # noqa: B904
    ^^^^^^^^^^^^^^^^^
  File "C:\Users\DM\Desktop\Zeus-Legacy\Backend\.venv\Lib\site-packages\django_redis\client\default.py", line 298, in get
    value = client.get(key)
  File "C:\Users\DM\Desktop\Zeus-Legacy\Backend\.venv\Lib\site-packages\redis\commands\core.py", line 2073, in get
    return self.execute_command("GET", name, keys=[name])
           ~~~~~~~~~~~~~~~~~~~~^^^^^^^^^^^^^^^^^^^^^^^^^^
  File "C:\Users\DM\Desktop\Zeus-Legacy\Backend\.venv\Lib\site-packages\redis\client.py", line 716, in execute_command
    return self._execute_command(*args, **options)
           ~~~~~~~~~~~~~~~~~~~~~^^^^^^^^^^^^^^^^^^
  File "C:\Users\DM\Desktop\Zeus-Legacy\Backend\.venv\Lib\site-packages\redis\client.py", line 722, in _execute_command
    conn = self.connection or pool.get_connection()
                              ~~~~~~~~~~~~~~~~~~~^^
  File "C:\Users\DM\Desktop\Zeus-Legacy\Backend\.venv\Lib\site-packages\redis\utils.py", line 236, in wrapper
    return func(*args, **kwargs)
  File "C:\Users\DM\Desktop\Zeus-Legacy\Backend\.venv\Lib\site-packages\redis\connection.py", line 3041, in get_connection
    connection.connect()
    ~~~~~~~~~~~~~~~~~~^^
  File "C:\Users\DM\Desktop\Zeus-Legacy\Backend\.venv\Lib\site-packages\redis\connection.py", line 976, in connect
    self.retry.call_with_retry(
    ~~~~~~~~~~~~~~~~~~~~~~~~~~^
        lambda: self.connect_check_health(
        ^^^^^^^^^^^^^^^^^^^^^^^^^^^^^^^^^^
    ...<2 lines>...
        lambda error: self.disconnect(error),
        ^^^^^^^^^^^^^^^^^^^^^^^^^^^^^^^^^^^^^
    )
    ^
  File "C:\Users\DM\Desktop\Zeus-Legacy\Backend\.venv\Lib\site-packages\redis\retry.py", line 132, in call_with_retry
    raise error
  File "C:\Users\DM\Desktop\Zeus-Legacy\Backend\.venv\Lib\site-packages\redis\retry.py", line 120, in call_with_retry
    return do()
  File "C:\Users\DM\Desktop\Zeus-Legacy\Backend\.venv\Lib\site-packages\redis\connection.py", line 977, in <lambda>
    lambda: self.connect_check_health(
            ~~~~~~~~~~~~~~~~~~~~~~~~~^
        check_health=True, retry_socket_connect=False
        ^^^^^^^^^^^^^^^^^^^^^^^^^^^^^^^^^^^^^^^^^^^^^
    ),
    ^
  File "C:\Users\DM\Desktop\Zeus-Legacy\Backend\.venv\Lib\site-packages\redis\connection.py", line 1025, in connect_check_health
    raise e
redis.exceptions.ConnectionError: Error 10061 connecting to 127.0.0.1:6379. No connection could be made because the target machine actively refused it.
CRITICAL 2026-06-07 16:09:51,618 betting_service FATAL BETTING FAILURE: User 1 | Error: Error 10061 connecting to 127.0.0.1:6379. No connection could be made because the target machine actively refused it.
Traceback (most recent call last):
  File "C:\Users\DM\Desktop\Zeus-Legacy\Backend\.venv\Lib\site-packages\django_redis\cache.py", line 29, in _decorator
    return method(self, *args, **kwargs)
  File "C:\Users\DM\Desktop\Zeus-Legacy\Backend\.venv\Lib\site-packages\django_redis\cache.py", line 99, in _get
    return self.client.get(key, default=default, version=version, client=client)
           ~~~~~~~~~~~~~~~^^^^^^^^^^^^^^^^^^^^^^^^^^^^^^^^^^^^^^^^^^^^^^^^^^^^^^
  File "C:\Users\DM\Desktop\Zeus-Legacy\Backend\.venv\Lib\site-packages\django_redis\client\default.py", line 300, in get
    raise ConnectionInterrupted(connection=client) from e
django_redis.exceptions.ConnectionInterrupted: Redis ConnectionError: Error 10061 connecting to 127.0.0.1:6379. No connection could be made because the target machine actively refused it.

During handling of the above exception, another exception occurred:

Traceback (most recent call last):
  File "C:\Users\DM\Desktop\Zeus-Legacy\Backend\services\betting_service.py", line 135, in execute_spin_transaction
    spin_count = cache.get(spin_key, 0) + 1
                 ~~~~~~~~~^^^^^^^^^^^^^
  File "C:\Users\DM\Desktop\Zeus-Legacy\Backend\.venv\Lib\site-packages\django_redis\cache.py", line 92, in get
    value = self._get(key, default, version, client)
  File "C:\Users\DM\Desktop\Zeus-Legacy\Backend\.venv\Lib\site-packages\django_redis\cache.py", line 36, in _decorator
    raise e.__cause__  # noqa: B904
    ^^^^^^^^^^^^^^^^^
  File "C:\Users\DM\Desktop\Zeus-Legacy\Backend\.venv\Lib\site-packages\django_redis\client\default.py", line 298, in get
    value = client.get(key)
  File "C:\Users\DM\Desktop\Zeus-Legacy\Backend\.venv\Lib\site-packages\redis\commands\core.py", line 2073, in get
    return self.execute_command("GET", name, keys=[name])
           ~~~~~~~~~~~~~~~~~~~~^^^^^^^^^^^^^^^^^^^^^^^^^^
  File "C:\Users\DM\Desktop\Zeus-Legacy\Backend\.venv\Lib\site-packages\redis\client.py", line 716, in execute_command
    return self._execute_command(*args, **options)
           ~~~~~~~~~~~~~~~~~~~~~^^^^^^^^^^^^^^^^^^
  File "C:\Users\DM\Desktop\Zeus-Legacy\Backend\.venv\Lib\site-packages\redis\client.py", line 722, in _execute_command
    conn = self.connection or pool.get_connection()
                              ~~~~~~~~~~~~~~~~~~~^^
  File "C:\Users\DM\Desktop\Zeus-Legacy\Backend\.venv\Lib\site-packages\redis\utils.py", line 236, in wrapper
    return func(*args, **kwargs)
  File "C:\Users\DM\Desktop\Zeus-Legacy\Backend\.venv\Lib\site-packages\redis\connection.py", line 3041, in get_connection
    connection.connect()
    ~~~~~~~~~~~~~~~~~~^^
  File "C:\Users\DM\Desktop\Zeus-Legacy\Backend\.venv\Lib\site-packages\redis\connection.py", line 976, in connect
    self.retry.call_with_retry(
    ~~~~~~~~~~~~~~~~~~~~~~~~~~^
        lambda: self.connect_check_health(
        ^^^^^^^^^^^^^^^^^^^^^^^^^^^^^^^^^^
    ...<2 lines>...
        lambda error: self.disconnect(error),
        ^^^^^^^^^^^^^^^^^^^^^^^^^^^^^^^^^^^^^
    )
    ^
  File "C:\Users\DM\Desktop\Zeus-Legacy\Backend\.venv\Lib\site-packages\redis\retry.py", line 132, in call_with_retry
    raise error
  File "C:\Users\DM\Desktop\Zeus-Legacy\Backend\.venv\Lib\site-packages\redis\retry.py", line 120, in call_with_retry
    return do()
  File "C:\Users\DM\Desktop\Zeus-Legacy\Backend\.venv\Lib\site-packages\redis\connection.py", line 977, in <lambda>
    lambda: self.connect_check_health(
            ~~~~~~~~~~~~~~~~~~~~~~~~~^
        check_health=True, retry_socket_connect=False
        ^^^^^^^^^^^^^^^^^^^^^^^^^^^^^^^^^^^^^^^^^^^^^
    ),
    ^
  File "C:\Users\DM\Desktop\Zeus-Legacy\Backend\.venv\Lib\site-packages\redis\connection.py", line 1025, in connect_check_health
    raise e
redis.exceptions.ConnectionError: Error 10061 connecting to 127.0.0.1:6379. No connection could be made because the target machine actively refused it.
CRITICAL 2026-06-07 16:10:28,656 betting_service FATAL BETTING FAILURE: User 1 | Error: Error 10061 connecting to 127.0.0.1:6379. No connection could be made because the target machine actively refused it.
Traceback (most recent call last):
  File "C:\Users\DM\Desktop\Zeus-Legacy\Backend\.venv\Lib\site-packages\django_redis\cache.py", line 29, in _decorator
    return method(self, *args, **kwargs)
  File "C:\Users\DM\Desktop\Zeus-Legacy\Backend\.venv\Lib\site-packages\django_redis\cache.py", line 99, in _get
    return self.client.get(key, default=default, version=version, client=client)
           ~~~~~~~~~~~~~~~^^^^^^^^^^^^^^^^^^^^^^^^^^^^^^^^^^^^^^^^^^^^^^^^^^^^^^
  File "C:\Users\DM\Desktop\Zeus-Legacy\Backend\.venv\Lib\site-packages\django_redis\client\default.py", line 300, in get
    raise ConnectionInterrupted(connection=client) from e
django_redis.exceptions.ConnectionInterrupted: Redis ConnectionError: Error 10061 connecting to 127.0.0.1:6379. No connection could be made because the target machine actively refused it.

During handling of the above exception, another exception occurred:

Traceback (most recent call last):
  File "C:\Users\DM\Desktop\Zeus-Legacy\Backend\services\betting_service.py", line 135, in execute_spin_transaction
    spin_count = cache.get(spin_key, 0) + 1
                 ~~~~~~~~~^^^^^^^^^^^^^
  File "C:\Users\DM\Desktop\Zeus-Legacy\Backend\.venv\Lib\site-packages\django_redis\cache.py", line 92, in get
    value = self._get(key, default, version, client)
  File "C:\Users\DM\Desktop\Zeus-Legacy\Backend\.venv\Lib\site-packages\django_redis\cache.py", line 36, in _decorator
    raise e.__cause__  # noqa: B904
    ^^^^^^^^^^^^^^^^^
  File "C:\Users\DM\Desktop\Zeus-Legacy\Backend\.venv\Lib\site-packages\django_redis\client\default.py", line 298, in get
    value = client.get(key)
  File "C:\Users\DM\Desktop\Zeus-Legacy\Backend\.venv\Lib\site-packages\redis\commands\core.py", line 2073, in get
    return self.execute_command("GET", name, keys=[name])
           ~~~~~~~~~~~~~~~~~~~~^^^^^^^^^^^^^^^^^^^^^^^^^^
  File "C:\Users\DM\Desktop\Zeus-Legacy\Backend\.venv\Lib\site-packages\redis\client.py", line 716, in execute_command
    return self._execute_command(*args, **options)
           ~~~~~~~~~~~~~~~~~~~~~^^^^^^^^^^^^^^^^^^
  File "C:\Users\DM\Desktop\Zeus-Legacy\Backend\.venv\Lib\site-packages\redis\client.py", line 722, in _execute_command
    conn = self.connection or pool.get_connection()
                              ~~~~~~~~~~~~~~~~~~~^^
  File "C:\Users\DM\Desktop\Zeus-Legacy\Backend\.venv\Lib\site-packages\redis\utils.py", line 236, in wrapper
    return func(*args, **kwargs)
  File "C:\Users\DM\Desktop\Zeus-Legacy\Backend\.venv\Lib\site-packages\redis\connection.py", line 3041, in get_connection
    connection.connect()
    ~~~~~~~~~~~~~~~~~~^^
  File "C:\Users\DM\Desktop\Zeus-Legacy\Backend\.venv\Lib\site-packages\redis\connection.py", line 976, in connect
    self.retry.call_with_retry(
    ~~~~~~~~~~~~~~~~~~~~~~~~~~^
        lambda: self.connect_check_health(
        ^^^^^^^^^^^^^^^^^^^^^^^^^^^^^^^^^^
    ...<2 lines>...
        lambda error: self.disconnect(error),
        ^^^^^^^^^^^^^^^^^^^^^^^^^^^^^^^^^^^^^
    )
    ^
  File "C:\Users\DM\Desktop\Zeus-Legacy\Backend\.venv\Lib\site-packages\redis\retry.py", line 132, in call_with_retry
    raise error
  File "C:\Users\DM\Desktop\Zeus-Legacy\Backend\.venv\Lib\site-packages\redis\retry.py", line 120, in call_with_retry
    return do()
  File "C:\Users\DM\Desktop\Zeus-Legacy\Backend\.venv\Lib\site-packages\redis\connection.py", line 977, in <lambda>
    lambda: self.connect_check_health(
            ~~~~~~~~~~~~~~~~~~~~~~~~~^
        check_health=True, retry_socket_connect=False
        ^^^^^^^^^^^^^^^^^^^^^^^^^^^^^^^^^^^^^^^^^^^^^
    ),
    ^
  File "C:\Users\DM\Desktop\Zeus-Legacy\Backend\.venv\Lib\site-packages\redis\connection.py", line 1025, in connect_check_health
    raise e
redis.exceptions.ConnectionError: Error 10061 connecting to 127.0.0.1:6379. No connection could be made because the target machine actively refused it.
CRITICAL 2026-06-07 16:13:21,879 betting_service FATAL BETTING FAILURE: User 1 | Error: Error 10061 connecting to 127.0.0.1:6379. No connection could be made because the target machine actively refused it.
Traceback (most recent call last):
  File "C:\Users\DM\Desktop\Zeus-Legacy\Backend\.venv\Lib\site-packages\django_redis\cache.py", line 29, in _decorator
    return method(self, *args, **kwargs)
  File "C:\Users\DM\Desktop\Zeus-Legacy\Backend\.venv\Lib\site-packages\django_redis\cache.py", line 99, in _get
    return self.client.get(key, default=default, version=version, client=client)
           ~~~~~~~~~~~~~~~^^^^^^^^^^^^^^^^^^^^^^^^^^^^^^^^^^^^^^^^^^^^^^^^^^^^^^
  File "C:\Users\DM\Desktop\Zeus-Legacy\Backend\.venv\Lib\site-packages\django_redis\client\default.py", line 300, in get
    raise ConnectionInterrupted(connection=client) from e
django_redis.exceptions.ConnectionInterrupted: Redis ConnectionError: Error 10061 connecting to 127.0.0.1:6379. No connection could be made because the target machine actively refused it.

During handling of the above exception, another exception occurred:

Traceback (most recent call last):
  File "C:\Users\DM\Desktop\Zeus-Legacy\Backend\services\betting_service.py", line 135, in execute_spin_transaction
    spin_count = cache.get(spin_key, 0) + 1
                 ~~~~~~~~~^^^^^^^^^^^^^
  File "C:\Users\DM\Desktop\Zeus-Legacy\Backend\.venv\Lib\site-packages\django_redis\cache.py", line 92, in get
    value = self._get(key, default, version, client)
  File "C:\Users\DM\Desktop\Zeus-Legacy\Backend\.venv\Lib\site-packages\django_redis\cache.py", line 36, in _decorator
    raise e.__cause__  # noqa: B904
    ^^^^^^^^^^^^^^^^^
  File "C:\Users\DM\Desktop\Zeus-Legacy\Backend\.venv\Lib\site-packages\django_redis\client\default.py", line 298, in get
    value = client.get(key)
  File "C:\Users\DM\Desktop\Zeus-Legacy\Backend\.venv\Lib\site-packages\redis\commands\core.py", line 2073, in get
    return self.execute_command("GET", name, keys=[name])
           ~~~~~~~~~~~~~~~~~~~~^^^^^^^^^^^^^^^^^^^^^^^^^^
  File "C:\Users\DM\Desktop\Zeus-Legacy\Backend\.venv\Lib\site-packages\redis\client.py", line 716, in execute_command
    return self._execute_command(*args, **options)
           ~~~~~~~~~~~~~~~~~~~~~^^^^^^^^^^^^^^^^^^
  File "C:\Users\DM\Desktop\Zeus-Legacy\Backend\.venv\Lib\site-packages\redis\client.py", line 722, in _execute_command
    conn = self.connection or pool.get_connection()
                              ~~~~~~~~~~~~~~~~~~~^^
  File "C:\Users\DM\Desktop\Zeus-Legacy\Backend\.venv\Lib\site-packages\redis\utils.py", line 236, in wrapper
    return func(*args, **kwargs)
  File "C:\Users\DM\Desktop\Zeus-Legacy\Backend\.venv\Lib\site-packages\redis\connection.py", line 3041, in get_connection
    connection.connect()
    ~~~~~~~~~~~~~~~~~~^^
  File "C:\Users\DM\Desktop\Zeus-Legacy\Backend\.venv\Lib\site-packages\redis\connection.py", line 976, in connect
    self.retry.call_with_retry(
    ~~~~~~~~~~~~~~~~~~~~~~~~~~^
        lambda: self.connect_check_health(
        ^^^^^^^^^^^^^^^^^^^^^^^^^^^^^^^^^^
    ...<2 lines>...
        lambda error: self.disconnect(error),
        ^^^^^^^^^^^^^^^^^^^^^^^^^^^^^^^^^^^^^
    )
    ^
  File "C:\Users\DM\Desktop\Zeus-Legacy\Backend\.venv\Lib\site-packages\redis\retry.py", line 132, in call_with_retry
    raise error
  File "C:\Users\DM\Desktop\Zeus-Legacy\Backend\.venv\Lib\site-packages\redis\retry.py", line 120, in call_with_retry
    return do()
  File "C:\Users\DM\Desktop\Zeus-Legacy\Backend\.venv\Lib\site-packages\redis\connection.py", line 977, in <lambda>
    lambda: self.connect_check_health(
            ~~~~~~~~~~~~~~~~~~~~~~~~~^
        check_health=True, retry_socket_connect=False
        ^^^^^^^^^^^^^^^^^^^^^^^^^^^^^^^^^^^^^^^^^^^^^
    ),
    ^
  File "C:\Users\DM\Desktop\Zeus-Legacy\Backend\.venv\Lib\site-packages\redis\connection.py", line 1025, in connect_check_health
    raise e
redis.exceptions.ConnectionError: Error 10061 connecting to 127.0.0.1:6379. No connection could be made because the target machine actively refused it.
CRITICAL 2026-06-07 16:15:59,268 betting_service FATAL BETTING FAILURE: User 1 | Error: Error 10061 connecting to 127.0.0.1:6379. No connection could be made because the target machine actively refused it.
Traceback (most recent call last):
  File "C:\Users\DM\Desktop\Zeus-Legacy\Backend\.venv\Lib\site-packages\django_redis\cache.py", line 29, in _decorator
    return method(self, *args, **kwargs)
  File "C:\Users\DM\Desktop\Zeus-Legacy\Backend\.venv\Lib\site-packages\django_redis\cache.py", line 99, in _get
    return self.client.get(key, default=default, version=version, client=client)
           ~~~~~~~~~~~~~~~^^^^^^^^^^^^^^^^^^^^^^^^^^^^^^^^^^^^^^^^^^^^^^^^^^^^^^
  File "C:\Users\DM\Desktop\Zeus-Legacy\Backend\.venv\Lib\site-packages\django_redis\client\default.py", line 300, in get
    raise ConnectionInterrupted(connection=client) from e
django_redis.exceptions.ConnectionInterrupted: Redis ConnectionError: Error 10061 connecting to 127.0.0.1:6379. No connection could be made because the target machine actively refused it.

During handling of the above exception, another exception occurred:

Traceback (most recent call last):
  File "C:\Users\DM\Desktop\Zeus-Legacy\Backend\services\betting_service.py", line 135, in execute_spin_transaction
    spin_count = cache.get(spin_key, 0) + 1
                 ~~~~~~~~~^^^^^^^^^^^^^
  File "C:\Users\DM\Desktop\Zeus-Legacy\Backend\.venv\Lib\site-packages\django_redis\cache.py", line 92, in get
    value = self._get(key, default, version, client)
  File "C:\Users\DM\Desktop\Zeus-Legacy\Backend\.venv\Lib\site-packages\django_redis\cache.py", line 36, in _decorator
    raise e.__cause__  # noqa: B904
    ^^^^^^^^^^^^^^^^^
  File "C:\Users\DM\Desktop\Zeus-Legacy\Backend\.venv\Lib\site-packages\django_redis\client\default.py", line 298, in get
    value = client.get(key)
  File "C:\Users\DM\Desktop\Zeus-Legacy\Backend\.venv\Lib\site-packages\redis\commands\core.py", line 2073, in get
    return self.execute_command("GET", name, keys=[name])
           ~~~~~~~~~~~~~~~~~~~~^^^^^^^^^^^^^^^^^^^^^^^^^^
  File "C:\Users\DM\Desktop\Zeus-Legacy\Backend\.venv\Lib\site-packages\redis\client.py", line 716, in execute_command
    return self._execute_command(*args, **options)
           ~~~~~~~~~~~~~~~~~~~~~^^^^^^^^^^^^^^^^^^
  File "C:\Users\DM\Desktop\Zeus-Legacy\Backend\.venv\Lib\site-packages\redis\client.py", line 722, in _execute_command
    conn = self.connection or pool.get_connection()
                              ~~~~~~~~~~~~~~~~~~~^^
  File "C:\Users\DM\Desktop\Zeus-Legacy\Backend\.venv\Lib\site-packages\redis\utils.py", line 236, in wrapper
    return func(*args, **kwargs)
  File "C:\Users\DM\Desktop\Zeus-Legacy\Backend\.venv\Lib\site-packages\redis\connection.py", line 3041, in get_connection
    connection.connect()
    ~~~~~~~~~~~~~~~~~~^^
  File "C:\Users\DM\Desktop\Zeus-Legacy\Backend\.venv\Lib\site-packages\redis\connection.py", line 976, in connect
    self.retry.call_with_retry(
    ~~~~~~~~~~~~~~~~~~~~~~~~~~^
        lambda: self.connect_check_health(
        ^^^^^^^^^^^^^^^^^^^^^^^^^^^^^^^^^^
    ...<2 lines>...
        lambda error: self.disconnect(error),
        ^^^^^^^^^^^^^^^^^^^^^^^^^^^^^^^^^^^^^
    )
    ^
  File "C:\Users\DM\Desktop\Zeus-Legacy\Backend\.venv\Lib\site-packages\redis\retry.py", line 132, in call_with_retry
    raise error
  File "C:\Users\DM\Desktop\Zeus-Legacy\Backend\.venv\Lib\site-packages\redis\retry.py", line 120, in call_with_retry
    return do()
  File "C:\Users\DM\Desktop\Zeus-Legacy\Backend\.venv\Lib\site-packages\redis\connection.py", line 977, in <lambda>
    lambda: self.connect_check_health(
            ~~~~~~~~~~~~~~~~~~~~~~~~~^
        check_health=True, retry_socket_connect=False
        ^^^^^^^^^^^^^^^^^^^^^^^^^^^^^^^^^^^^^^^^^^^^^
    ),
    ^
  File "C:\Users\DM\Desktop\Zeus-Legacy\Backend\.venv\Lib\site-packages\redis\connection.py", line 1025, in connect_check_health
    raise e
redis.exceptions.ConnectionError: Error 10061 connecting to 127.0.0.1:6379. No connection could be made because the target machine actively refused it.
CRITICAL 2026-06-07 16:16:41,422 betting_service FATAL BETTING FAILURE: User 1 | Error: Error 10061 connecting to 127.0.0.1:6379. No connection could be made because the target machine actively refused it.
Traceback (most recent call last):
  File "C:\Users\DM\Desktop\Zeus-Legacy\Backend\.venv\Lib\site-packages\django_redis\cache.py", line 29, in _decorator
    return method(self, *args, **kwargs)
  File "C:\Users\DM\Desktop\Zeus-Legacy\Backend\.venv\Lib\site-packages\django_redis\cache.py", line 99, in _get
    return self.client.get(key, default=default, version=version, client=client)
           ~~~~~~~~~~~~~~~^^^^^^^^^^^^^^^^^^^^^^^^^^^^^^^^^^^^^^^^^^^^^^^^^^^^^^
  File "C:\Users\DM\Desktop\Zeus-Legacy\Backend\.venv\Lib\site-packages\django_redis\client\default.py", line 300, in get
    raise ConnectionInterrupted(connection=client) from e
django_redis.exceptions.ConnectionInterrupted: Redis ConnectionError: Error 10061 connecting to 127.0.0.1:6379. No connection could be made because the target machine actively refused it.

During handling of the above exception, another exception occurred:

Traceback (most recent call last):
  File "C:\Users\DM\Desktop\Zeus-Legacy\Backend\services\betting_service.py", line 135, in execute_spin_transaction
    spin_count = cache.get(spin_key, 0) + 1
                 ~~~~~~~~~^^^^^^^^^^^^^
  File "C:\Users\DM\Desktop\Zeus-Legacy\Backend\.venv\Lib\site-packages\django_redis\cache.py", line 92, in get
    value = self._get(key, default, version, client)
  File "C:\Users\DM\Desktop\Zeus-Legacy\Backend\.venv\Lib\site-packages\django_redis\cache.py", line 36, in _decorator
    raise e.__cause__  # noqa: B904
    ^^^^^^^^^^^^^^^^^
  File "C:\Users\DM\Desktop\Zeus-Legacy\Backend\.venv\Lib\site-packages\django_redis\client\default.py", line 298, in get
    value = client.get(key)
  File "C:\Users\DM\Desktop\Zeus-Legacy\Backend\.venv\Lib\site-packages\redis\commands\core.py", line 2073, in get
    return self.execute_command("GET", name, keys=[name])
           ~~~~~~~~~~~~~~~~~~~~^^^^^^^^^^^^^^^^^^^^^^^^^^
  File "C:\Users\DM\Desktop\Zeus-Legacy\Backend\.venv\Lib\site-packages\redis\client.py", line 716, in execute_command
    return self._execute_command(*args, **options)
           ~~~~~~~~~~~~~~~~~~~~~^^^^^^^^^^^^^^^^^^
  File "C:\Users\DM\Desktop\Zeus-Legacy\Backend\.venv\Lib\site-packages\redis\client.py", line 722, in _execute_command
    conn = self.connection or pool.get_connection()
                              ~~~~~~~~~~~~~~~~~~~^^
  File "C:\Users\DM\Desktop\Zeus-Legacy\Backend\.venv\Lib\site-packages\redis\utils.py", line 236, in wrapper
    return func(*args, **kwargs)
  File "C:\Users\DM\Desktop\Zeus-Legacy\Backend\.venv\Lib\site-packages\redis\connection.py", line 3041, in get_connection
    connection.connect()
    ~~~~~~~~~~~~~~~~~~^^
  File "C:\Users\DM\Desktop\Zeus-Legacy\Backend\.venv\Lib\site-packages\redis\connection.py", line 976, in connect
    self.retry.call_with_retry(
    ~~~~~~~~~~~~~~~~~~~~~~~~~~^
        lambda: self.connect_check_health(
        ^^^^^^^^^^^^^^^^^^^^^^^^^^^^^^^^^^
    ...<2 lines>...
        lambda error: self.disconnect(error),
        ^^^^^^^^^^^^^^^^^^^^^^^^^^^^^^^^^^^^^
    )
    ^
  File "C:\Users\DM\Desktop\Zeus-Legacy\Backend\.venv\Lib\site-packages\redis\retry.py", line 132, in call_with_retry
    raise error
  File "C:\Users\DM\Desktop\Zeus-Legacy\Backend\.venv\Lib\site-packages\redis\retry.py", line 120, in call_with_retry
    return do()
  File "C:\Users\DM\Desktop\Zeus-Legacy\Backend\.venv\Lib\site-packages\redis\connection.py", line 977, in <lambda>
    lambda: self.connect_check_health(
            ~~~~~~~~~~~~~~~~~~~~~~~~~^
        check_health=True, retry_socket_connect=False
        ^^^^^^^^^^^^^^^^^^^^^^^^^^^^^^^^^^^^^^^^^^^^^
    ),
    ^
  File "C:\Users\DM\Desktop\Zeus-Legacy\Backend\.venv\Lib\site-packages\redis\connection.py", line 1025, in connect_check_health
    raise e
redis.exceptions.ConnectionError: Error 10061 connecting to 127.0.0.1:6379. No connection could be made because the target machine actively refused it.
CRITICAL 2026-06-07 16:17:11,769 betting_service FATAL BETTING FAILURE: User 1 | Error: Error 10061 connecting to 127.0.0.1:6379. No connection could be made because the target machine actively refused it.
Traceback (most recent call last):
  File "C:\Users\DM\Desktop\Zeus-Legacy\Backend\.venv\Lib\site-packages\django_redis\cache.py", line 29, in _decorator
    return method(self, *args, **kwargs)
  File "C:\Users\DM\Desktop\Zeus-Legacy\Backend\.venv\Lib\site-packages\django_redis\cache.py", line 99, in _get
    return self.client.get(key, default=default, version=version, client=client)
           ~~~~~~~~~~~~~~~^^^^^^^^^^^^^^^^^^^^^^^^^^^^^^^^^^^^^^^^^^^^^^^^^^^^^^
  File "C:\Users\DM\Desktop\Zeus-Legacy\Backend\.venv\Lib\site-packages\django_redis\client\default.py", line 300, in get
    raise ConnectionInterrupted(connection=client) from e
django_redis.exceptions.ConnectionInterrupted: Redis ConnectionError: Error 10061 connecting to 127.0.0.1:6379. No connection could be made because the target machine actively refused it.

During handling of the above exception, another exception occurred:

Traceback (most recent call last):
  File "C:\Users\DM\Desktop\Zeus-Legacy\Backend\services\betting_service.py", line 135, in execute_spin_transaction
    spin_count = cache.get(spin_key, 0) + 1
                 ~~~~~~~~~^^^^^^^^^^^^^
  File "C:\Users\DM\Desktop\Zeus-Legacy\Backend\.venv\Lib\site-packages\django_redis\cache.py", line 92, in get
    value = self._get(key, default, version, client)
  File "C:\Users\DM\Desktop\Zeus-Legacy\Backend\.venv\Lib\site-packages\django_redis\cache.py", line 36, in _decorator
    raise e.__cause__  # noqa: B904
    ^^^^^^^^^^^^^^^^^
  File "C:\Users\DM\Desktop\Zeus-Legacy\Backend\.venv\Lib\site-packages\django_redis\client\default.py", line 298, in get
    value = client.get(key)
  File "C:\Users\DM\Desktop\Zeus-Legacy\Backend\.venv\Lib\site-packages\redis\commands\core.py", line 2073, in get
    return self.execute_command("GET", name, keys=[name])
           ~~~~~~~~~~~~~~~~~~~~^^^^^^^^^^^^^^^^^^^^^^^^^^
  File "C:\Users\DM\Desktop\Zeus-Legacy\Backend\.venv\Lib\site-packages\redis\client.py", line 716, in execute_command
    return self._execute_command(*args, **options)
           ~~~~~~~~~~~~~~~~~~~~~^^^^^^^^^^^^^^^^^^
  File "C:\Users\DM\Desktop\Zeus-Legacy\Backend\.venv\Lib\site-packages\redis\client.py", line 722, in _execute_command
    conn = self.connection or pool.get_connection()
                              ~~~~~~~~~~~~~~~~~~~^^
  File "C:\Users\DM\Desktop\Zeus-Legacy\Backend\.venv\Lib\site-packages\redis\utils.py", line 236, in wrapper
    return func(*args, **kwargs)
  File "C:\Users\DM\Desktop\Zeus-Legacy\Backend\.venv\Lib\site-packages\redis\connection.py", line 3041, in get_connection
    connection.connect()
    ~~~~~~~~~~~~~~~~~~^^
  File "C:\Users\DM\Desktop\Zeus-Legacy\Backend\.venv\Lib\site-packages\redis\connection.py", line 976, in connect
    self.retry.call_with_retry(
    ~~~~~~~~~~~~~~~~~~~~~~~~~~^
        lambda: self.connect_check_health(
        ^^^^^^^^^^^^^^^^^^^^^^^^^^^^^^^^^^
    ...<2 lines>...
        lambda error: self.disconnect(error),
        ^^^^^^^^^^^^^^^^^^^^^^^^^^^^^^^^^^^^^
    )
    ^
  File "C:\Users\DM\Desktop\Zeus-Legacy\Backend\.venv\Lib\site-packages\redis\retry.py", line 132, in call_with_retry
    raise error
  File "C:\Users\DM\Desktop\Zeus-Legacy\Backend\.venv\Lib\site-packages\redis\retry.py", line 120, in call_with_retry
    return do()
  File "C:\Users\DM\Desktop\Zeus-Legacy\Backend\.venv\Lib\site-packages\redis\connection.py", line 977, in <lambda>
    lambda: self.connect_check_health(
            ~~~~~~~~~~~~~~~~~~~~~~~~~^
        check_health=True, retry_socket_connect=False
        ^^^^^^^^^^^^^^^^^^^^^^^^^^^^^^^^^^^^^^^^^^^^^
    ),
    ^
  File "C:\Users\DM\Desktop\Zeus-Legacy\Backend\.venv\Lib\site-packages\redis\connection.py", line 1025, in connect_check_health
    raise e
redis.exceptions.ConnectionError: Error 10061 connecting to 127.0.0.1:6379. No connection could be made because the target machine actively refused it.
